2021-03-14 12:30:47,343 DEBUG Deck.py:13 -   __init__() Deck with id 1 has been created
2021-03-14 12:30:47,343 DEBUG Deck.py:13 -   __init__() Deck with id 2 has been created
2021-03-14 12:30:47,343 DEBUG DecksRepository.py:45 -    get_all() Retrieved all deck recrods from database
2021-03-14 12:30:47,358 DEBUG Deck.py:16 -    __del__() Deck with id 2 has been destroyed
2021-03-14 12:30:47,358 DEBUG Deck.py:16 -    __del__() Deck with id 1 has been destroyed
2021-03-14 12:30:48,147 DEBUG Card.py:13 -   __init__() Card with id 1 has been created
2021-03-14 12:30:48,148 DEBUG Card.py:13 -   __init__() Card with id 3 has been created
2021-03-14 12:30:48,149 DEBUG Card.py:13 -   __init__() Card with id 4 has been created
2021-03-14 12:30:48,149 DEBUG Card.py:13 -   __init__() Card with id 5 has been created
2021-03-14 12:30:48,149 DEBUG Card.py:13 -   __init__() Card with id 7 has been created
2021-03-14 12:30:48,149 DEBUG Card.py:13 -   __init__() Card with id 8 has been created
2021-03-14 12:30:48,149 DEBUG Card.py:13 -   __init__() Card with id 9 has been created
2021-03-14 12:30:48,149 DEBUG Card.py:13 -   __init__() Card with id 11 has been created
2021-03-14 12:30:48,150 DEBUG Card.py:13 -   __init__() Card with id 13 has been created
2021-03-14 12:30:48,150 DEBUG Card.py:13 -   __init__() Card with id 14 has been created
2021-03-14 12:30:48,150 DEBUG Card.py:13 -   __init__() Card with id 15 has been created
2021-03-14 12:30:48,150 DEBUG Card.py:13 -   __init__() Card with id 18 has been created
2021-03-14 12:30:48,151 DEBUG Card.py:13 -   __init__() Card with id 19 has been created
2021-03-14 12:30:48,151 DEBUG Card.py:13 -   __init__() Card with id 22 has been created
2021-03-14 12:30:48,151 DEBUG Card.py:13 -   __init__() Card with id 24 has been created
2021-03-14 12:30:48,151 DEBUG Card.py:13 -   __init__() Card with id 26 has been created
2021-03-14 12:30:48,151 DEBUG Card.py:13 -   __init__() Card with id 27 has been created
2021-03-14 12:30:48,151 DEBUG Card.py:13 -   __init__() Card with id 32 has been created
2021-03-14 12:30:48,151 DEBUG Card.py:13 -   __init__() Card with id 33 has been created
2021-03-14 12:30:48,151 DEBUG Card.py:13 -   __init__() Card with id 34 has been created
2021-03-14 12:30:48,151 DEBUG Card.py:13 -   __init__() Card with id 35 has been created
2021-03-14 12:30:48,151 DEBUG Card.py:13 -   __init__() Card with id 38 has been created
2021-03-14 12:30:48,151 DEBUG Card.py:13 -   __init__() Card with id 39 has been created
2021-03-14 12:30:48,151 DEBUG Card.py:13 -   __init__() Card with id 40 has been created
2021-03-14 12:30:48,152 DEBUG Card.py:13 -   __init__() Card with id 43 has been created
2021-03-14 12:30:48,152 DEBUG Card.py:13 -   __init__() Card with id 44 has been created
2021-03-14 12:30:48,152 DEBUG Card.py:13 -   __init__() Card with id 45 has been created
2021-03-14 12:30:48,152 DEBUG Card.py:13 -   __init__() Card with id 48 has been created
2021-03-14 12:30:48,152 DEBUG Card.py:13 -   __init__() Card with id 51 has been created
2021-03-14 12:30:48,152 DEBUG Card.py:13 -   __init__() Card with id 53 has been created
2021-03-14 12:30:48,152 DEBUG Card.py:13 -   __init__() Card with id 55 has been created
2021-03-14 12:30:48,152 DEBUG Card.py:13 -   __init__() Card with id 57 has been created
2021-03-14 12:30:48,152 DEBUG Card.py:13 -   __init__() Card with id 58 has been created
2021-03-14 12:30:48,152 DEBUG CardsRepository.py:64 - get_by_deck_id() Retrieved cards with deck_id:1 from database
2021-03-14 12:30:48,157 DEBUG Card.py:16 -    __del__() Card with id 58 has been destroyed
2021-03-14 12:30:48,157 DEBUG Card.py:16 -    __del__() Card with id 57 has been destroyed
2021-03-14 12:30:48,157 DEBUG Card.py:16 -    __del__() Card with id 55 has been destroyed
2021-03-14 12:30:48,157 DEBUG Card.py:16 -    __del__() Card with id 53 has been destroyed
2021-03-14 12:30:48,157 DEBUG Card.py:16 -    __del__() Card with id 51 has been destroyed
2021-03-14 12:30:48,157 DEBUG Card.py:16 -    __del__() Card with id 48 has been destroyed
2021-03-14 12:30:48,157 DEBUG Card.py:16 -    __del__() Card with id 45 has been destroyed
2021-03-14 12:30:48,158 DEBUG Card.py:16 -    __del__() Card with id 44 has been destroyed
2021-03-14 12:30:48,158 DEBUG Card.py:16 -    __del__() Card with id 43 has been destroyed
2021-03-14 12:30:48,158 DEBUG Card.py:16 -    __del__() Card with id 40 has been destroyed
2021-03-14 12:30:48,158 DEBUG Card.py:16 -    __del__() Card with id 39 has been destroyed
2021-03-14 12:30:48,158 DEBUG Card.py:16 -    __del__() Card with id 38 has been destroyed
2021-03-14 12:30:48,158 DEBUG Card.py:16 -    __del__() Card with id 35 has been destroyed
2021-03-14 12:30:48,158 DEBUG Card.py:16 -    __del__() Card with id 34 has been destroyed
2021-03-14 12:30:48,158 DEBUG Card.py:16 -    __del__() Card with id 33 has been destroyed
2021-03-14 12:30:48,158 DEBUG Card.py:16 -    __del__() Card with id 32 has been destroyed
2021-03-14 12:30:48,158 DEBUG Card.py:16 -    __del__() Card with id 27 has been destroyed
2021-03-14 12:30:48,158 DEBUG Card.py:16 -    __del__() Card with id 26 has been destroyed
2021-03-14 12:30:48,158 DEBUG Card.py:16 -    __del__() Card with id 24 has been destroyed
2021-03-14 12:30:48,159 DEBUG Card.py:16 -    __del__() Card with id 22 has been destroyed
2021-03-14 12:30:48,159 DEBUG Card.py:16 -    __del__() Card with id 19 has been destroyed
2021-03-14 12:30:48,159 DEBUG Card.py:16 -    __del__() Card with id 18 has been destroyed
2021-03-14 12:30:48,159 DEBUG Card.py:16 -    __del__() Card with id 15 has been destroyed
2021-03-14 12:30:48,159 DEBUG Card.py:16 -    __del__() Card with id 14 has been destroyed
2021-03-14 12:30:48,159 DEBUG Card.py:16 -    __del__() Card with id 13 has been destroyed
2021-03-14 12:30:48,159 DEBUG Card.py:16 -    __del__() Card with id 11 has been destroyed
2021-03-14 12:30:48,159 DEBUG Card.py:16 -    __del__() Card with id 9 has been destroyed
2021-03-14 12:30:48,159 DEBUG Card.py:16 -    __del__() Card with id 8 has been destroyed
2021-03-14 12:30:48,159 DEBUG Card.py:16 -    __del__() Card with id 7 has been destroyed
2021-03-14 12:30:48,159 DEBUG Card.py:16 -    __del__() Card with id 5 has been destroyed
2021-03-14 12:30:48,159 DEBUG Card.py:16 -    __del__() Card with id 4 has been destroyed
2021-03-14 12:30:48,159 DEBUG Card.py:16 -    __del__() Card with id 3 has been destroyed
2021-03-14 12:30:48,159 DEBUG Card.py:16 -    __del__() Card with id 1 has been destroyed
2021-03-14 12:30:49,261 DEBUG CardsRepository.py:79 -  get_by_id() Card with id:1 found in database
2021-03-14 12:30:49,261 DEBUG Card.py:13 -   __init__() Card with id 1 has been created
2021-03-14 12:30:49,265 DEBUG Card.py:16 -    __del__() Card with id 1 has been destroyed
2021-03-14 12:30:51,243 DEBUG Card.py:13 -   __init__() Card with id 2 has been created
2021-03-14 12:30:51,243 DEBUG Card.py:13 -   __init__() Card with id 6 has been created
2021-03-14 12:30:51,243 DEBUG Card.py:13 -   __init__() Card with id 10 has been created
2021-03-14 12:30:51,243 DEBUG Card.py:13 -   __init__() Card with id 12 has been created
2021-03-14 12:30:51,243 DEBUG Card.py:13 -   __init__() Card with id 16 has been created
2021-03-14 12:30:51,243 DEBUG Card.py:13 -   __init__() Card with id 17 has been created
2021-03-14 12:30:51,243 DEBUG Card.py:13 -   __init__() Card with id 20 has been created
2021-03-14 12:30:51,243 DEBUG Card.py:13 -   __init__() Card with id 21 has been created
2021-03-14 12:30:51,243 DEBUG Card.py:13 -   __init__() Card with id 23 has been created
2021-03-14 12:30:51,243 DEBUG Card.py:13 -   __init__() Card with id 25 has been created
2021-03-14 12:30:51,244 DEBUG Card.py:13 -   __init__() Card with id 28 has been created
2021-03-14 12:30:51,244 DEBUG Card.py:13 -   __init__() Card with id 29 has been created
2021-03-14 12:30:51,244 DEBUG Card.py:13 -   __init__() Card with id 30 has been created
2021-03-14 12:30:51,244 DEBUG Card.py:13 -   __init__() Card with id 31 has been created
2021-03-14 12:30:51,244 DEBUG Card.py:13 -   __init__() Card with id 36 has been created
2021-03-14 12:30:51,244 DEBUG Card.py:13 -   __init__() Card with id 37 has been created
2021-03-14 12:30:51,244 DEBUG Card.py:13 -   __init__() Card with id 41 has been created
2021-03-14 12:30:51,244 DEBUG Card.py:13 -   __init__() Card with id 42 has been created
2021-03-14 12:30:51,244 DEBUG Card.py:13 -   __init__() Card with id 46 has been created
2021-03-14 12:30:51,244 DEBUG Card.py:13 -   __init__() Card with id 47 has been created
2021-03-14 12:30:51,244 DEBUG Card.py:13 -   __init__() Card with id 49 has been created
2021-03-14 12:30:51,244 DEBUG Card.py:13 -   __init__() Card with id 50 has been created
2021-03-14 12:30:51,244 DEBUG Card.py:13 -   __init__() Card with id 52 has been created
2021-03-14 12:30:51,245 DEBUG Card.py:13 -   __init__() Card with id 54 has been created
2021-03-14 12:30:51,245 DEBUG Card.py:13 -   __init__() Card with id 56 has been created
2021-03-14 12:30:51,245 DEBUG CardsRepository.py:64 - get_by_deck_id() Retrieved cards with deck_id:2 from database
2021-03-14 12:30:51,245 DEBUG Card.py:16 -    __del__() Card with id 56 has been destroyed
2021-03-14 12:30:51,245 DEBUG Card.py:16 -    __del__() Card with id 54 has been destroyed
2021-03-14 12:30:51,245 DEBUG Card.py:16 -    __del__() Card with id 52 has been destroyed
2021-03-14 12:30:51,245 DEBUG Card.py:16 -    __del__() Card with id 50 has been destroyed
2021-03-14 12:30:51,245 DEBUG Card.py:16 -    __del__() Card with id 49 has been destroyed
2021-03-14 12:30:51,246 DEBUG Card.py:16 -    __del__() Card with id 47 has been destroyed
2021-03-14 12:30:51,246 DEBUG Card.py:16 -    __del__() Card with id 46 has been destroyed
2021-03-14 12:30:51,246 DEBUG Card.py:16 -    __del__() Card with id 42 has been destroyed
2021-03-14 12:30:51,246 DEBUG Card.py:16 -    __del__() Card with id 41 has been destroyed
2021-03-14 12:30:51,246 DEBUG Card.py:16 -    __del__() Card with id 37 has been destroyed
2021-03-14 12:30:51,246 DEBUG Card.py:16 -    __del__() Card with id 36 has been destroyed
2021-03-14 12:30:51,246 DEBUG Card.py:16 -    __del__() Card with id 31 has been destroyed
2021-03-14 12:30:51,246 DEBUG Card.py:16 -    __del__() Card with id 30 has been destroyed
2021-03-14 12:30:51,246 DEBUG Card.py:16 -    __del__() Card with id 29 has been destroyed
2021-03-14 12:30:51,246 DEBUG Card.py:16 -    __del__() Card with id 28 has been destroyed
2021-03-14 12:30:51,246 DEBUG Card.py:16 -    __del__() Card with id 25 has been destroyed
2021-03-14 12:30:51,247 DEBUG Card.py:16 -    __del__() Card with id 23 has been destroyed
2021-03-14 12:30:51,247 DEBUG Card.py:16 -    __del__() Card with id 21 has been destroyed
2021-03-14 12:30:51,247 DEBUG Card.py:16 -    __del__() Card with id 20 has been destroyed
2021-03-14 12:30:51,247 DEBUG Card.py:16 -    __del__() Card with id 17 has been destroyed
2021-03-14 12:30:51,247 DEBUG Card.py:16 -    __del__() Card with id 16 has been destroyed
2021-03-14 12:30:51,247 DEBUG Card.py:16 -    __del__() Card with id 12 has been destroyed
2021-03-14 12:30:51,247 DEBUG Card.py:16 -    __del__() Card with id 10 has been destroyed
2021-03-14 12:30:51,247 DEBUG Card.py:16 -    __del__() Card with id 6 has been destroyed
2021-03-14 12:30:51,247 DEBUG Card.py:16 -    __del__() Card with id 2 has been destroyed
2021-03-14 12:30:52,292 DEBUG CardsRepository.py:79 -  get_by_id() Card with id:6 found in database
2021-03-14 12:30:52,292 DEBUG Card.py:13 -   __init__() Card with id 6 has been created
2021-03-14 12:30:52,293 DEBUG Card.py:16 -    __del__() Card with id 6 has been destroyed
